2013-05-19 22:27:34,488 ERROR [main] [org.hibernate.tool.hbm2ddl.SchemaUpdate]:201 - HHH000319: Could not get database metadata
org.apache.commons.dbcp.SQLNestedException: Cannot load JDBC driver class 'com.mysql.jdbc.Driver'
	at org.apache.commons.dbcp.BasicDataSource.createConnectionFactory(BasicDataSource.java:1429) ~[commons-dbcp-1.4.jar:1.4]
	at org.apache.commons.dbcp.BasicDataSource.createDataSource(BasicDataSource.java:1371) ~[commons-dbcp-1.4.jar:1.4]
	at org.apache.commons.dbcp.BasicDataSource.getConnection(BasicDataSource.java:1044) ~[commons-dbcp-1.4.jar:1.4]
	at org.hibernate.ejb.connection.InjectedDataSourceConnectionProvider.getConnection(InjectedDataSourceConnectionProvider.java:70) ~[hibernate-entitymanager-4.1.9.Final.jar:4.1.9.Final]
	at org.hibernate.tool.hbm2ddl.SuppliedConnectionProviderConnectionHelper.prepare(SuppliedConnectionProviderConnectionHelper.java:51) ~[hibernate-core-4.1.9.Final.jar:4.1.9.Final]
	at org.hibernate.tool.hbm2ddl.SchemaUpdate.execute(SchemaUpdate.java:194) ~[hibernate-core-4.1.9.Final.jar:4.1.9.Final]
	at org.hibernate.tool.hbm2ddl.SchemaUpdate.execute(SchemaUpdate.java:178) ~[hibernate-core-4.1.9.Final.jar:4.1.9.Final]
	at org.hibernate.internal.SessionFactoryImpl.<init>(SessionFactoryImpl.java:503) ~[hibernate-core-4.1.9.Final.jar:4.1.9.Final]
	at org.hibernate.cfg.Configuration.buildSessionFactory(Configuration.java:1750) ~[hibernate-core-4.1.9.Final.jar:4.1.9.Final]
	at org.hibernate.ejb.EntityManagerFactoryImpl.<init>(EntityManagerFactoryImpl.java:94) ~[hibernate-entitymanager-4.1.9.Final.jar:4.1.9.Final]
	at org.hibernate.ejb.Ejb3Configuration.buildEntityManagerFactory(Ejb3Configuration.java:905) [hibernate-entitymanager-4.1.9.Final.jar:4.1.9.Final]
	at org.hibernate.ejb.Ejb3Configuration.buildEntityManagerFactory(Ejb3Configuration.java:890) [hibernate-entitymanager-4.1.9.Final.jar:4.1.9.Final]
	at org.hibernate.ejb.HibernatePersistence.createContainerEntityManagerFactory(HibernatePersistence.java:74) [hibernate-entitymanager-4.1.9.Final.jar:4.1.9.Final]
	at org.springframework.orm.jpa.LocalContainerEntityManagerFactoryBean.createNativeEntityManagerFactory(LocalContainerEntityManagerFactoryBean.java:288) [spring-orm-3.2.1.RELEASE.jar:3.2.1.RELEASE]
	at org.springframework.orm.jpa.AbstractEntityManagerFactoryBean.afterPropertiesSet(AbstractEntityManagerFactoryBean.java:310) [spring-orm-3.2.1.RELEASE.jar:3.2.1.RELEASE]
	at org.springframework.beans.factory.support.AbstractAutowireCapableBeanFactory.invokeInitMethods(AbstractAutowireCapableBeanFactory.java:1545) [spring-beans-3.2.1.RELEASE.jar:3.2.1.RELEASE]
	at org.springframework.beans.factory.support.AbstractAutowireCapableBeanFactory.initializeBean(AbstractAutowireCapableBeanFactory.java:1483) [spring-beans-3.2.1.RELEASE.jar:3.2.1.RELEASE]
	at org.springframework.beans.factory.support.AbstractAutowireCapableBeanFactory.doCreateBean(AbstractAutowireCapableBeanFactory.java:524) [spring-beans-3.2.1.RELEASE.jar:3.2.1.RELEASE]
	at org.springframework.beans.factory.support.AbstractAutowireCapableBeanFactory.createBean(AbstractAutowireCapableBeanFactory.java:461) [spring-beans-3.2.1.RELEASE.jar:3.2.1.RELEASE]
	at org.springframework.beans.factory.support.AbstractBeanFactory$1.getObject(AbstractBeanFactory.java:295) [spring-beans-3.2.1.RELEASE.jar:3.2.1.RELEASE]
	at org.springframework.beans.factory.support.DefaultSingletonBeanRegistry.getSingleton(DefaultSingletonBeanRegistry.java:223) [spring-beans-3.2.1.RELEASE.jar:3.2.1.RELEASE]
	at org.springframework.beans.factory.support.AbstractBeanFactory.doGetBean(AbstractBeanFactory.java:292) [spring-beans-3.2.1.RELEASE.jar:3.2.1.RELEASE]
	at org.springframework.beans.factory.support.AbstractBeanFactory.getBean(AbstractBeanFactory.java:198) [spring-beans-3.2.1.RELEASE.jar:3.2.1.RELEASE]
	at org.springframework.beans.factory.support.DefaultListableBeanFactory.getBeansOfType(DefaultListableBeanFactory.java:439) [spring-beans-3.2.1.RELEASE.jar:3.2.1.RELEASE]
	at org.springframework.beans.factory.BeanFactoryUtils.beansOfTypeIncludingAncestors(BeanFactoryUtils.java:277) [spring-beans-3.2.1.RELEASE.jar:3.2.1.RELEASE]
	at org.springframework.dao.support.PersistenceExceptionTranslationInterceptor.detectPersistenceExceptionTranslators(PersistenceExceptionTranslationInterceptor.java:139) [spring-tx-3.2.1.RELEASE.jar:3.2.1.RELEASE]
	at org.springframework.dao.support.PersistenceExceptionTranslationInterceptor.<init>(PersistenceExceptionTranslationInterceptor.java:79) [spring-tx-3.2.1.RELEASE.jar:3.2.1.RELEASE]
	at org.springframework.dao.annotation.PersistenceExceptionTranslationAdvisor.<init>(PersistenceExceptionTranslationAdvisor.java:71) [spring-tx-3.2.1.RELEASE.jar:3.2.1.RELEASE]
	at org.springframework.dao.annotation.PersistenceExceptionTranslationPostProcessor.setBeanFactory(PersistenceExceptionTranslationPostProcessor.java:85) [spring-tx-3.2.1.RELEASE.jar:3.2.1.RELEASE]
	at org.springframework.beans.factory.support.AbstractAutowireCapableBeanFactory.invokeAwareMethods(AbstractAutowireCapableBeanFactory.java:1506) [spring-beans-3.2.1.RELEASE.jar:3.2.1.RELEASE]
	at org.springframework.beans.factory.support.AbstractAutowireCapableBeanFactory.initializeBean(AbstractAutowireCapableBeanFactory.java:1474) [spring-beans-3.2.1.RELEASE.jar:3.2.1.RELEASE]
	at org.springframework.beans.factory.support.AbstractAutowireCapableBeanFactory.doCreateBean(AbstractAutowireCapableBeanFactory.java:524) [spring-beans-3.2.1.RELEASE.jar:3.2.1.RELEASE]
	at org.springframework.beans.factory.support.AbstractAutowireCapableBeanFactory.createBean(AbstractAutowireCapableBeanFactory.java:461) [spring-beans-3.2.1.RELEASE.jar:3.2.1.RELEASE]
	at org.springframework.beans.factory.support.AbstractBeanFactory$1.getObject(AbstractBeanFactory.java:295) [spring-beans-3.2.1.RELEASE.jar:3.2.1.RELEASE]
	at org.springframework.beans.factory.support.DefaultSingletonBeanRegistry.getSingleton(DefaultSingletonBeanRegistry.java:223) [spring-beans-3.2.1.RELEASE.jar:3.2.1.RELEASE]
	at org.springframework.beans.factory.support.AbstractBeanFactory.doGetBean(AbstractBeanFactory.java:292) [spring-beans-3.2.1.RELEASE.jar:3.2.1.RELEASE]
	at org.springframework.beans.factory.support.AbstractBeanFactory.getBean(AbstractBeanFactory.java:198) [spring-beans-3.2.1.RELEASE.jar:3.2.1.RELEASE]
	at org.springframework.context.support.AbstractApplicationContext.registerBeanPostProcessors(AbstractApplicationContext.java:741) [spring-context-3.2.1.RELEASE.jar:3.2.1.RELEASE]
	at org.springframework.context.support.AbstractApplicationContext.refresh(AbstractApplicationContext.java:464) [spring-context-3.2.1.RELEASE.jar:3.2.1.RELEASE]
	at org.springframework.context.support.ClassPathXmlApplicationContext.<init>(ClassPathXmlApplicationContext.java:139) [spring-context-3.2.1.RELEASE.jar:3.2.1.RELEASE]
	at org.springframework.context.support.ClassPathXmlApplicationContext.<init>(ClassPathXmlApplicationContext.java:83) [spring-context-3.2.1.RELEASE.jar:3.2.1.RELEASE]
	at com.ht.scada.common.tag.type.service.impl.TypeServiceImplTest.beforeTest(TypeServiceImplTest.java:15) [bin/:na]
	at sun.reflect.NativeMethodAccessorImpl.invoke0(Native Method) ~[na:1.7.0_13]
	at sun.reflect.NativeMethodAccessorImpl.invoke(Unknown Source) ~[na:1.7.0_13]
	at sun.reflect.DelegatingMethodAccessorImpl.invoke(Unknown Source) ~[na:1.7.0_13]
	at java.lang.reflect.Method.invoke(Unknown Source) ~[na:1.7.0_13]
	at org.testng.internal.MethodInvocationHelper.invokeMethod(MethodInvocationHelper.java:84) [testng.jar:6.8.1-201303300836]
	at org.testng.internal.Invoker.invokeConfigurationMethod(Invoker.java:564) [testng.jar:6.8.1-201303300836]
	at org.testng.internal.Invoker.invokeConfigurations(Invoker.java:213) [testng.jar:6.8.1-201303300836]
	at org.testng.internal.Invoker.invokeConfigurations(Invoker.java:138) [testng.jar:6.8.1-201303300836]
	at org.testng.TestRunner.beforeRun(TestRunner.java:641) [testng.jar:6.8.1-201303300836]
	at org.testng.TestRunner.run(TestRunner.java:609) [testng.jar:6.8.1-201303300836]
	at org.testng.SuiteRunner.runTest(SuiteRunner.java:334) [testng.jar:6.8.1-201303300836]
	at org.testng.SuiteRunner.runSequentially(SuiteRunner.java:329) [testng.jar:6.8.1-201303300836]
	at org.testng.SuiteRunner.privateRun(SuiteRunner.java:291) [testng.jar:6.8.1-201303300836]
	at org.testng.SuiteRunner.run(SuiteRunner.java:240) [testng.jar:6.8.1-201303300836]
	at org.testng.SuiteRunnerWorker.runSuite(SuiteRunnerWorker.java:52) [testng.jar:6.8.1-201303300836]
	at org.testng.SuiteRunnerWorker.run(SuiteRunnerWorker.java:86) [testng.jar:6.8.1-201303300836]
	at org.testng.TestNG.runSuitesSequentially(TestNG.java:1224) [testng.jar:6.8.1-201303300836]
	at org.testng.TestNG.runSuitesLocally(TestNG.java:1149) [testng.jar:6.8.1-201303300836]
	at org.testng.TestNG.run(TestNG.java:1057) [testng.jar:6.8.1-201303300836]
	at org.testng.remote.RemoteTestNG.run(RemoteTestNG.java:111) [testng.jar:6.8.1-201303300836]
	at org.testng.remote.RemoteTestNG.initAndRun(RemoteTestNG.java:204) [testng.jar:6.8.1-201303300836]
	at org.testng.remote.RemoteTestNG.main(RemoteTestNG.java:175) [testng.jar:6.8.1-201303300836]
Caused by: java.lang.ClassNotFoundException: com.mysql.jdbc.Driver
	at java.net.URLClassLoader$1.run(Unknown Source) ~[na:1.7.0_13]
	at java.net.URLClassLoader$1.run(Unknown Source) ~[na:1.7.0_13]
	at java.security.AccessController.doPrivileged(Native Method) ~[na:1.7.0_13]
	at java.net.URLClassLoader.findClass(Unknown Source) ~[na:1.7.0_13]
	at java.lang.ClassLoader.loadClass(Unknown Source) ~[na:1.7.0_13]
	at sun.misc.Launcher$AppClassLoader.loadClass(Unknown Source) ~[na:1.7.0_13]
	at java.lang.ClassLoader.loadClass(Unknown Source) ~[na:1.7.0_13]
	at org.apache.commons.dbcp.BasicDataSource.createConnectionFactory(BasicDataSource.java:1420) ~[commons-dbcp-1.4.jar:1.4]
	... 63 common frames omitted
2013-05-19 22:27:34,488 ERROR [main] [org.hibernate.tool.hbm2ddl.SchemaUpdate]:245 - HHH000299: Could not complete schema update
org.apache.commons.dbcp.SQLNestedException: Cannot load JDBC driver class 'com.mysql.jdbc.Driver'
	at org.apache.commons.dbcp.BasicDataSource.createConnectionFactory(BasicDataSource.java:1429) ~[commons-dbcp-1.4.jar:1.4]
	at org.apache.commons.dbcp.BasicDataSource.createDataSource(BasicDataSource.java:1371) ~[commons-dbcp-1.4.jar:1.4]
	at org.apache.commons.dbcp.BasicDataSource.getConnection(BasicDataSource.java:1044) ~[commons-dbcp-1.4.jar:1.4]
	at org.hibernate.ejb.connection.InjectedDataSourceConnectionProvider.getConnection(InjectedDataSourceConnectionProvider.java:70) ~[hibernate-entitymanager-4.1.9.Final.jar:4.1.9.Final]
	at org.hibernate.tool.hbm2ddl.SuppliedConnectionProviderConnectionHelper.prepare(SuppliedConnectionProviderConnectionHelper.java:51) ~[hibernate-core-4.1.9.Final.jar:4.1.9.Final]
	at org.hibernate.tool.hbm2ddl.SchemaUpdate.execute(SchemaUpdate.java:194) ~[hibernate-core-4.1.9.Final.jar:4.1.9.Final]
	at org.hibernate.tool.hbm2ddl.SchemaUpdate.execute(SchemaUpdate.java:178) ~[hibernate-core-4.1.9.Final.jar:4.1.9.Final]
	at org.hibernate.internal.SessionFactoryImpl.<init>(SessionFactoryImpl.java:503) ~[hibernate-core-4.1.9.Final.jar:4.1.9.Final]
	at org.hibernate.cfg.Configuration.buildSessionFactory(Configuration.java:1750) ~[hibernate-core-4.1.9.Final.jar:4.1.9.Final]
	at org.hibernate.ejb.EntityManagerFactoryImpl.<init>(EntityManagerFactoryImpl.java:94) ~[hibernate-entitymanager-4.1.9.Final.jar:4.1.9.Final]
	at org.hibernate.ejb.Ejb3Configuration.buildEntityManagerFactory(Ejb3Configuration.java:905) [hibernate-entitymanager-4.1.9.Final.jar:4.1.9.Final]
	at org.hibernate.ejb.Ejb3Configuration.buildEntityManagerFactory(Ejb3Configuration.java:890) [hibernate-entitymanager-4.1.9.Final.jar:4.1.9.Final]
	at org.hibernate.ejb.HibernatePersistence.createContainerEntityManagerFactory(HibernatePersistence.java:74) [hibernate-entitymanager-4.1.9.Final.jar:4.1.9.Final]
	at org.springframework.orm.jpa.LocalContainerEntityManagerFactoryBean.createNativeEntityManagerFactory(LocalContainerEntityManagerFactoryBean.java:288) [spring-orm-3.2.1.RELEASE.jar:3.2.1.RELEASE]
	at org.springframework.orm.jpa.AbstractEntityManagerFactoryBean.afterPropertiesSet(AbstractEntityManagerFactoryBean.java:310) [spring-orm-3.2.1.RELEASE.jar:3.2.1.RELEASE]
	at org.springframework.beans.factory.support.AbstractAutowireCapableBeanFactory.invokeInitMethods(AbstractAutowireCapableBeanFactory.java:1545) [spring-beans-3.2.1.RELEASE.jar:3.2.1.RELEASE]
	at org.springframework.beans.factory.support.AbstractAutowireCapableBeanFactory.initializeBean(AbstractAutowireCapableBeanFactory.java:1483) [spring-beans-3.2.1.RELEASE.jar:3.2.1.RELEASE]
	at org.springframework.beans.factory.support.AbstractAutowireCapableBeanFactory.doCreateBean(AbstractAutowireCapableBeanFactory.java:524) [spring-beans-3.2.1.RELEASE.jar:3.2.1.RELEASE]
	at org.springframework.beans.factory.support.AbstractAutowireCapableBeanFactory.createBean(AbstractAutowireCapableBeanFactory.java:461) [spring-beans-3.2.1.RELEASE.jar:3.2.1.RELEASE]
	at org.springframework.beans.factory.support.AbstractBeanFactory$1.getObject(AbstractBeanFactory.java:295) [spring-beans-3.2.1.RELEASE.jar:3.2.1.RELEASE]
	at org.springframework.beans.factory.support.DefaultSingletonBeanRegistry.getSingleton(DefaultSingletonBeanRegistry.java:223) [spring-beans-3.2.1.RELEASE.jar:3.2.1.RELEASE]
	at org.springframework.beans.factory.support.AbstractBeanFactory.doGetBean(AbstractBeanFactory.java:292) [spring-beans-3.2.1.RELEASE.jar:3.2.1.RELEASE]
	at org.springframework.beans.factory.support.AbstractBeanFactory.getBean(AbstractBeanFactory.java:198) [spring-beans-3.2.1.RELEASE.jar:3.2.1.RELEASE]
	at org.springframework.beans.factory.support.DefaultListableBeanFactory.getBeansOfType(DefaultListableBeanFactory.java:439) [spring-beans-3.2.1.RELEASE.jar:3.2.1.RELEASE]
	at org.springframework.beans.factory.BeanFactoryUtils.beansOfTypeIncludingAncestors(BeanFactoryUtils.java:277) [spring-beans-3.2.1.RELEASE.jar:3.2.1.RELEASE]
	at org.springframework.dao.support.PersistenceExceptionTranslationInterceptor.detectPersistenceExceptionTranslators(PersistenceExceptionTranslationInterceptor.java:139) [spring-tx-3.2.1.RELEASE.jar:3.2.1.RELEASE]
	at org.springframework.dao.support.PersistenceExceptionTranslationInterceptor.<init>(PersistenceExceptionTranslationInterceptor.java:79) [spring-tx-3.2.1.RELEASE.jar:3.2.1.RELEASE]
	at org.springframework.dao.annotation.PersistenceExceptionTranslationAdvisor.<init>(PersistenceExceptionTranslationAdvisor.java:71) [spring-tx-3.2.1.RELEASE.jar:3.2.1.RELEASE]
	at org.springframework.dao.annotation.PersistenceExceptionTranslationPostProcessor.setBeanFactory(PersistenceExceptionTranslationPostProcessor.java:85) [spring-tx-3.2.1.RELEASE.jar:3.2.1.RELEASE]
	at org.springframework.beans.factory.support.AbstractAutowireCapableBeanFactory.invokeAwareMethods(AbstractAutowireCapableBeanFactory.java:1506) [spring-beans-3.2.1.RELEASE.jar:3.2.1.RELEASE]
	at org.springframework.beans.factory.support.AbstractAutowireCapableBeanFactory.initializeBean(AbstractAutowireCapableBeanFactory.java:1474) [spring-beans-3.2.1.RELEASE.jar:3.2.1.RELEASE]
	at org.springframework.beans.factory.support.AbstractAutowireCapableBeanFactory.doCreateBean(AbstractAutowireCapableBeanFactory.java:524) [spring-beans-3.2.1.RELEASE.jar:3.2.1.RELEASE]
	at org.springframework.beans.factory.support.AbstractAutowireCapableBeanFactory.createBean(AbstractAutowireCapableBeanFactory.java:461) [spring-beans-3.2.1.RELEASE.jar:3.2.1.RELEASE]
	at org.springframework.beans.factory.support.AbstractBeanFactory$1.getObject(AbstractBeanFactory.java:295) [spring-beans-3.2.1.RELEASE.jar:3.2.1.RELEASE]
	at org.springframework.beans.factory.support.DefaultSingletonBeanRegistry.getSingleton(DefaultSingletonBeanRegistry.java:223) [spring-beans-3.2.1.RELEASE.jar:3.2.1.RELEASE]
	at org.springframework.beans.factory.support.AbstractBeanFactory.doGetBean(AbstractBeanFactory.java:292) [spring-beans-3.2.1.RELEASE.jar:3.2.1.RELEASE]
	at org.springframework.beans.factory.support.AbstractBeanFactory.getBean(AbstractBeanFactory.java:198) [spring-beans-3.2.1.RELEASE.jar:3.2.1.RELEASE]
	at org.springframework.context.support.AbstractApplicationContext.registerBeanPostProcessors(AbstractApplicationContext.java:741) [spring-context-3.2.1.RELEASE.jar:3.2.1.RELEASE]
	at org.springframework.context.support.AbstractApplicationContext.refresh(AbstractApplicationContext.java:464) [spring-context-3.2.1.RELEASE.jar:3.2.1.RELEASE]
	at org.springframework.context.support.ClassPathXmlApplicationContext.<init>(ClassPathXmlApplicationContext.java:139) [spring-context-3.2.1.RELEASE.jar:3.2.1.RELEASE]
	at org.springframework.context.support.ClassPathXmlApplicationContext.<init>(ClassPathXmlApplicationContext.java:83) [spring-context-3.2.1.RELEASE.jar:3.2.1.RELEASE]
	at com.ht.scada.common.tag.type.service.impl.TypeServiceImplTest.beforeTest(TypeServiceImplTest.java:15) [bin/:na]
	at sun.reflect.NativeMethodAccessorImpl.invoke0(Native Method) ~[na:1.7.0_13]
	at sun.reflect.NativeMethodAccessorImpl.invoke(Unknown Source) ~[na:1.7.0_13]
	at sun.reflect.DelegatingMethodAccessorImpl.invoke(Unknown Source) ~[na:1.7.0_13]
	at java.lang.reflect.Method.invoke(Unknown Source) ~[na:1.7.0_13]
	at org.testng.internal.MethodInvocationHelper.invokeMethod(MethodInvocationHelper.java:84) [testng.jar:6.8.1-201303300836]
	at org.testng.internal.Invoker.invokeConfigurationMethod(Invoker.java:564) [testng.jar:6.8.1-201303300836]
	at org.testng.internal.Invoker.invokeConfigurations(Invoker.java:213) [testng.jar:6.8.1-201303300836]
	at org.testng.internal.Invoker.invokeConfigurations(Invoker.java:138) [testng.jar:6.8.1-201303300836]
	at org.testng.TestRunner.beforeRun(TestRunner.java:641) [testng.jar:6.8.1-201303300836]
	at org.testng.TestRunner.run(TestRunner.java:609) [testng.jar:6.8.1-201303300836]
	at org.testng.SuiteRunner.runTest(SuiteRunner.java:334) [testng.jar:6.8.1-201303300836]
	at org.testng.SuiteRunner.runSequentially(SuiteRunner.java:329) [testng.jar:6.8.1-201303300836]
	at org.testng.SuiteRunner.privateRun(SuiteRunner.java:291) [testng.jar:6.8.1-201303300836]
	at org.testng.SuiteRunner.run(SuiteRunner.java:240) [testng.jar:6.8.1-201303300836]
	at org.testng.SuiteRunnerWorker.runSuite(SuiteRunnerWorker.java:52) [testng.jar:6.8.1-201303300836]
	at org.testng.SuiteRunnerWorker.run(SuiteRunnerWorker.java:86) [testng.jar:6.8.1-201303300836]
	at org.testng.TestNG.runSuitesSequentially(TestNG.java:1224) [testng.jar:6.8.1-201303300836]
	at org.testng.TestNG.runSuitesLocally(TestNG.java:1149) [testng.jar:6.8.1-201303300836]
	at org.testng.TestNG.run(TestNG.java:1057) [testng.jar:6.8.1-201303300836]
	at org.testng.remote.RemoteTestNG.run(RemoteTestNG.java:111) [testng.jar:6.8.1-201303300836]
	at org.testng.remote.RemoteTestNG.initAndRun(RemoteTestNG.java:204) [testng.jar:6.8.1-201303300836]
	at org.testng.remote.RemoteTestNG.main(RemoteTestNG.java:175) [testng.jar:6.8.1-201303300836]
Caused by: java.lang.ClassNotFoundException: com.mysql.jdbc.Driver
	at java.net.URLClassLoader$1.run(Unknown Source) ~[na:1.7.0_13]
	at java.net.URLClassLoader$1.run(Unknown Source) ~[na:1.7.0_13]
	at java.security.AccessController.doPrivileged(Native Method) ~[na:1.7.0_13]
	at java.net.URLClassLoader.findClass(Unknown Source) ~[na:1.7.0_13]
	at java.lang.ClassLoader.loadClass(Unknown Source) ~[na:1.7.0_13]
	at sun.misc.Launcher$AppClassLoader.loadClass(Unknown Source) ~[na:1.7.0_13]
	at java.lang.ClassLoader.loadClass(Unknown Source) ~[na:1.7.0_13]
	at org.apache.commons.dbcp.BasicDataSource.createConnectionFactory(BasicDataSource.java:1420) ~[commons-dbcp-1.4.jar:1.4]
	... 63 common frames omitted
2013-05-19 22:27:35,706 ERROR [main] [org.hibernate.engine.jdbc.spi.SqlExceptionHelper]:144 - Cannot load JDBC driver class 'com.mysql.jdbc.Driver'
2013-05-19 22:29:14,399 ERROR [main] [org.hibernate.tool.hbm2ddl.SchemaUpdate]:235 - HHH000388: Unsuccessful: alter table T_Tag_Cfg_Tpl add column var_storage  longtext
2013-05-19 22:29:14,414 ERROR [main] [org.hibernate.tool.hbm2ddl.SchemaUpdate]:236 - Duplicate column name 'var_storage'
2013-05-19 22:37:09,809 ERROR [main] [org.hibernate.tool.hbm2ddl.SchemaUpdate]:235 - HHH000388: Unsuccessful: alter table T_Tag_Cfg_Tpl add column var_storage  longtext
2013-05-19 22:37:09,825 ERROR [main] [org.hibernate.tool.hbm2ddl.SchemaUpdate]:236 - Duplicate column name 'var_storage'
2013-05-19 22:37:09,825 ERROR [main] [org.hibernate.tool.hbm2ddl.SchemaUpdate]:235 - HHH000388: Unsuccessful: create table T_User_Role  (id integer not null auto_increment, description varchar(255) not null, name varchar(100) not null, primary key (id))
2013-05-19 22:37:09,825 ERROR [main] [org.hibernate.tool.hbm2ddl.SchemaUpdate]:236 - Table 't_user_role' already exists
2013-05-19 22:37:09,825 ERROR [main] [org.hibernate.tool.hbm2ddl.SchemaUpdate]:235 - HHH000388: Unsuccessful: create index idx_roles_name on T_User_Role  (name)
2013-05-19 22:37:09,825 ERROR [main] [org.hibernate.tool.hbm2ddl.SchemaUpdate]:236 - Duplicate key name 'idx_roles_name'
